<?xml version="1.0" encoding="UTF-8"?>
<!-- Generated by org.testng.reporters.JUnitReportReporter -->
<testsuite name="whitefeather.xedge.testcases.FillUpApplicationForm" tests="60" time="36.160" ignored="0" failures="1" timestamp="25 Oct 2017 13:49:50 GMT" skipped="0" hostname="DESKTOP-TMQM6DS" errors="3">
  <testcase name="clickNextButtonStep2" time="0.446" classname="whitefeather.xedge.testcases.FillUpApplicationForm"/>
  <testcase name="provideSSCYearOfPassing" time="0.188" classname="whitefeather.xedge.testcases.FillUpApplicationForm"/>
  <testcase name="provideCourse" time="0.253" classname="whitefeather.xedge.testcases.FillUpApplicationForm"/>
  <testcase name="provideSubject3Percetage3Value" time="0.176" classname="whitefeather.xedge.testcases.FillUpApplicationForm"/>
  <testcase name="provideReligion" time="0.208" classname="whitefeather.xedge.testcases.FillUpApplicationForm"/>
  <testcase name="clickSubmitButtonStep4" time="0.004" classname="whitefeather.xedge.testcases.FillUpApplicationForm">
    <error type="org.openqa.selenium.UnhandledAlertException" message="unexpected alert open: {Alert text : Some error has occured.Please try again.}
  (Session info: chrome=61.0.3163.100)
  (Driver info: chromedriver=2.33.506120 (e3e53437346286c0bc2d2dc9aa4915ba81d9023f),platform=Windows NT 10.0.10586 x86_64) (WARNING: The server did not provide any stacktrace information)
Command duration or timeout: 4 milliseconds: null
Build info: version: &#039;3.4.0&#039;, revision: &#039;unknown&#039;, time: &#039;unknown&#039;
System info: host: &#039;DESKTOP-TMQM6DS&#039;, ip: &#039;192.168.0.4&#039;, os.name: &#039;Windows 10&#039;, os.arch: &#039;amd64&#039;, os.version: &#039;10.0&#039;, java.version: &#039;1.8.0_144&#039;
Driver info: org.openqa.selenium.chrome.ChromeDriver
Capabilities [{applicationCacheEnabled=false, rotatable=false, mobileEmulationEnabled=false, networkConnectionEnabled=false, chrome={chromedriverVersion=2.33.506120 (e3e53437346286c0bc2d2dc9aa4915ba81d9023f), userDataDir=C:\Users\SHEKHA~1.DES\AppData\Local\Temp\scoped_dir13716_31916}, takesHeapSnapshot=true, pageLoadStrategy=normal, databaseEnabled=false, handlesAlerts=true, hasTouchScreen=false, version=61.0.3163.100, platform=XP, browserConnectionEnabled=false, nativeEvents=true, acceptSslCerts=true, locationContextEnabled=true, webStorageEnabled=true, browserName=chrome, takesScreenshot=true, javascriptEnabled=true, cssSelectorsEnabled=true, setWindowRect=true, unexpectedAlertBehaviour=}]
Session ID: eb2c5872635d43014a677dc5965a5ca8
*** Element info: {Using=id, value=submitMe}">
      <![CDATA[org.openqa.selenium.UnhandledAlertException: unexpected alert open: {Alert text : Some error has occured.Please try again.}
  (Session info: chrome=61.0.3163.100)
  (Driver info: chromedriver=2.33.506120 (e3e53437346286c0bc2d2dc9aa4915ba81d9023f),platform=Windows NT 10.0.10586 x86_64) (WARNING: The server did not provide any stacktrace information)
Command duration or timeout: 4 milliseconds: null
Build info: version: '3.4.0', revision: 'unknown', time: 'unknown'
System info: host: 'DESKTOP-TMQM6DS', ip: '192.168.0.4', os.name: 'Windows 10', os.arch: 'amd64', os.version: '10.0', java.version: '1.8.0_144'
Driver info: org.openqa.selenium.chrome.ChromeDriver
Capabilities [{applicationCacheEnabled=false, rotatable=false, mobileEmulationEnabled=false, networkConnectionEnabled=false, chrome={chromedriverVersion=2.33.506120 (e3e53437346286c0bc2d2dc9aa4915ba81d9023f), userDataDir=C:\Users\SHEKHA~1.DES\AppData\Local\Temp\scoped_dir13716_31916}, takesHeapSnapshot=true, pageLoadStrategy=normal, databaseEnabled=false, handlesAlerts=true, hasTouchScreen=false, version=61.0.3163.100, platform=XP, browserConnectionEnabled=false, nativeEvents=true, acceptSslCerts=true, locationContextEnabled=true, webStorageEnabled=true, browserName=chrome, takesScreenshot=true, javascriptEnabled=true, cssSelectorsEnabled=true, setWindowRect=true, unexpectedAlertBehaviour=}]
Session ID: eb2c5872635d43014a677dc5965a5ca8
*** Element info: {Using=id, value=submitMe}
	at sun.reflect.NativeConstructorAccessorImpl.newInstance0(Native Method)
	at sun.reflect.NativeConstructorAccessorImpl.newInstance(Unknown Source)
	at sun.reflect.DelegatingConstructorAccessorImpl.newInstance(Unknown Source)
	at java.lang.reflect.Constructor.newInstance(Unknown Source)
	at org.openqa.selenium.remote.ErrorHandler.createThrowable(ErrorHandler.java:215)
	at org.openqa.selenium.remote.ErrorHandler.throwIfResponseFailed(ErrorHandler.java:173)
	at org.openqa.selenium.remote.RemoteWebDriver.execute(RemoteWebDriver.java:671)
	at org.openqa.selenium.remote.RemoteWebDriver.findElement(RemoteWebDriver.java:410)
	at org.openqa.selenium.remote.RemoteWebDriver.findElementById(RemoteWebDriver.java:453)
	at org.openqa.selenium.By$ById.findElement(By.java:218)
	at org.openqa.selenium.remote.RemoteWebDriver.findElement(RemoteWebDriver.java:402)
	at whitefeather.xedge.core.Page_DetailedApplicationForm.displaySubmitButtonStep4(Page_DetailedApplicationForm.java:706)
	at whitefeather.xedge.testcases.FillUpApplicationForm.clickSubmitButtonStep4(FillUpApplicationForm.java:847)
	at sun.reflect.NativeMethodAccessorImpl.invoke0(Native Method)
	at sun.reflect.NativeMethodAccessorImpl.invoke(Unknown Source)
	at sun.reflect.DelegatingMethodAccessorImpl.invoke(Unknown Source)
	at java.lang.reflect.Method.invoke(Unknown Source)
	at org.testng.internal.MethodInvocationHelper.invokeMethod(MethodInvocationHelper.java:104)
	at org.testng.internal.Invoker.invokeMethod(Invoker.java:645)
	at org.testng.internal.Invoker.invokeTestMethod(Invoker.java:851)
	at org.testng.internal.Invoker.invokeTestMethods(Invoker.java:1177)
	at org.testng.internal.TestMethodWorker.invokeTestMethods(TestMethodWorker.java:129)
	at org.testng.internal.TestMethodWorker.run(TestMethodWorker.java:112)
	at org.testng.TestRunner.privateRun(TestRunner.java:756)
	at org.testng.TestRunner.run(TestRunner.java:610)
	at org.testng.SuiteRunner.runTest(SuiteRunner.java:387)
	at org.testng.SuiteRunner.runSequentially(SuiteRunner.java:382)
	at org.testng.SuiteRunner.privateRun(SuiteRunner.java:340)
	at org.testng.SuiteRunner.run(SuiteRunner.java:289)
	at org.testng.SuiteRunnerWorker.runSuite(SuiteRunnerWorker.java:52)
	at org.testng.SuiteRunnerWorker.run(SuiteRunnerWorker.java:86)
	at org.testng.TestNG.runSuitesSequentially(TestNG.java:1293)
	at org.testng.TestNG.runSuitesLocally(TestNG.java:1218)
	at org.testng.TestNG.runSuites(TestNG.java:1133)
	at org.testng.TestNG.run(TestNG.java:1104)
	at org.testng.remote.AbstractRemoteTestNG.run(AbstractRemoteTestNG.java:114)
	at org.testng.remote.RemoteTestNG.initAndRun(RemoteTestNG.java:251)
	at org.testng.remote.RemoteTestNG.main(RemoteTestNG.java:77)
]]>
    </error>
  </testcase> <!-- clickSubmitButtonStep4 -->
  <testcase name="provideSubject1NameValue" time="0.291" classname="whitefeather.xedge.testcases.FillUpApplicationForm"/>
  <testcase name="provideGuardiansContactNumber" time="0.244" classname="whitefeather.xedge.testcases.FillUpApplicationForm"/>
  <testcase name="provideEntranceExamValue" time="0.340" classname="whitefeather.xedge.testcases.FillUpApplicationForm"/>
  <testcase name="provideSSCPercentageValue" time="0.184" classname="whitefeather.xedge.testcases.FillUpApplicationForm"/>
  <testcase name="provideCommunity" time="0.195" classname="whitefeather.xedge.testcases.FillUpApplicationForm"/>
  <testcase name="provideGender" time="0.192" classname="whitefeather.xedge.testcases.FillUpApplicationForm"/>
  <testcase name="provideAlternateAddress2" time="0.240" classname="whitefeather.xedge.testcases.FillUpApplicationForm"/>
  <testcase name="provideHSCPercentageValue" time="0.192" classname="whitefeather.xedge.testcases.FillUpApplicationForm"/>
  <testcase name="provideSubject1Percetage1Value" time="0.173" classname="whitefeather.xedge.testcases.FillUpApplicationForm"/>
  <testcase name="provideNationality" time="0.188" classname="whitefeather.xedge.testcases.FillUpApplicationForm"/>
  <testcase name="clickDateOfBirthInputField" time="1.856" classname="whitefeather.xedge.testcases.FillUpApplicationForm"/>
  <testcase name="provideState" time="0.060" classname="whitefeather.xedge.testcases.FillUpApplicationForm"/>
  <testcase name="attachAttachment3" time="0.076" classname="whitefeather.xedge.testcases.FillUpApplicationForm"/>
  <testcase name="provideCaste" time="0.188" classname="whitefeather.xedge.testcases.FillUpApplicationForm"/>
  <testcase name="provideDateOfBirth" time="4.351" classname="whitefeather.xedge.testcases.FillUpApplicationForm"/>
  <testcase name="attachAttachment5" time="0.076" classname="whitefeather.xedge.testcases.FillUpApplicationForm"/>
  <testcase name="clickNextButtonStep1" time="2.267" classname="whitefeather.xedge.testcases.FillUpApplicationForm"/>
  <testcase name="provideHSCModeOfStudy" time="0.192" classname="whitefeather.xedge.testcases.FillUpApplicationForm"/>
  <testcase name="provideCitizenship" time="0.236" classname="whitefeather.xedge.testcases.FillUpApplicationForm"/>
  <testcase name="provideGuardiansAddress2" time="0.252" classname="whitefeather.xedge.testcases.FillUpApplicationForm"/>
  <testcase name="providePaymentAmount" time="0.008" classname="whitefeather.xedge.testcases.FillUpApplicationForm">
    <error type="org.openqa.selenium.UnhandledAlertException" message="unexpected alert open: {Alert text : Some error has occured.Please try again.}
  (Session info: chrome=61.0.3163.100)
  (Driver info: chromedriver=2.33.506120 (e3e53437346286c0bc2d2dc9aa4915ba81d9023f),platform=Windows NT 10.0.10586 x86_64) (WARNING: The server did not provide any stacktrace information)
Command duration or timeout: 8 milliseconds: null
Build info: version: &#039;3.4.0&#039;, revision: &#039;unknown&#039;, time: &#039;unknown&#039;
System info: host: &#039;DESKTOP-TMQM6DS&#039;, ip: &#039;192.168.0.4&#039;, os.name: &#039;Windows 10&#039;, os.arch: &#039;amd64&#039;, os.version: &#039;10.0&#039;, java.version: &#039;1.8.0_144&#039;
Driver info: org.openqa.selenium.chrome.ChromeDriver
Capabilities [{applicationCacheEnabled=false, rotatable=false, mobileEmulationEnabled=false, networkConnectionEnabled=false, chrome={chromedriverVersion=2.33.506120 (e3e53437346286c0bc2d2dc9aa4915ba81d9023f), userDataDir=C:\Users\SHEKHA~1.DES\AppData\Local\Temp\scoped_dir13716_31916}, takesHeapSnapshot=true, pageLoadStrategy=normal, databaseEnabled=false, handlesAlerts=true, hasTouchScreen=false, version=61.0.3163.100, platform=XP, browserConnectionEnabled=false, nativeEvents=true, acceptSslCerts=true, locationContextEnabled=true, webStorageEnabled=true, browserName=chrome, takesScreenshot=true, javascriptEnabled=true, cssSelectorsEnabled=true, setWindowRect=true, unexpectedAlertBehaviour=}]
Session ID: eb2c5872635d43014a677dc5965a5ca8
*** Element info: {Using=id, value=rupees}">
      <![CDATA[org.openqa.selenium.UnhandledAlertException: unexpected alert open: {Alert text : Some error has occured.Please try again.}
  (Session info: chrome=61.0.3163.100)
  (Driver info: chromedriver=2.33.506120 (e3e53437346286c0bc2d2dc9aa4915ba81d9023f),platform=Windows NT 10.0.10586 x86_64) (WARNING: The server did not provide any stacktrace information)
Command duration or timeout: 8 milliseconds: null
Build info: version: '3.4.0', revision: 'unknown', time: 'unknown'
System info: host: 'DESKTOP-TMQM6DS', ip: '192.168.0.4', os.name: 'Windows 10', os.arch: 'amd64', os.version: '10.0', java.version: '1.8.0_144'
Driver info: org.openqa.selenium.chrome.ChromeDriver
Capabilities [{applicationCacheEnabled=false, rotatable=false, mobileEmulationEnabled=false, networkConnectionEnabled=false, chrome={chromedriverVersion=2.33.506120 (e3e53437346286c0bc2d2dc9aa4915ba81d9023f), userDataDir=C:\Users\SHEKHA~1.DES\AppData\Local\Temp\scoped_dir13716_31916}, takesHeapSnapshot=true, pageLoadStrategy=normal, databaseEnabled=false, handlesAlerts=true, hasTouchScreen=false, version=61.0.3163.100, platform=XP, browserConnectionEnabled=false, nativeEvents=true, acceptSslCerts=true, locationContextEnabled=true, webStorageEnabled=true, browserName=chrome, takesScreenshot=true, javascriptEnabled=true, cssSelectorsEnabled=true, setWindowRect=true, unexpectedAlertBehaviour=}]
Session ID: eb2c5872635d43014a677dc5965a5ca8
*** Element info: {Using=id, value=rupees}
	at sun.reflect.NativeConstructorAccessorImpl.newInstance0(Native Method)
	at sun.reflect.NativeConstructorAccessorImpl.newInstance(Unknown Source)
	at sun.reflect.DelegatingConstructorAccessorImpl.newInstance(Unknown Source)
	at java.lang.reflect.Constructor.newInstance(Unknown Source)
	at org.openqa.selenium.remote.ErrorHandler.createThrowable(ErrorHandler.java:215)
	at org.openqa.selenium.remote.ErrorHandler.throwIfResponseFailed(ErrorHandler.java:173)
	at org.openqa.selenium.remote.RemoteWebDriver.execute(RemoteWebDriver.java:671)
	at org.openqa.selenium.remote.RemoteWebDriver.findElement(RemoteWebDriver.java:410)
	at org.openqa.selenium.remote.RemoteWebDriver.findElementById(RemoteWebDriver.java:453)
	at org.openqa.selenium.By$ById.findElement(By.java:218)
	at org.openqa.selenium.remote.RemoteWebDriver.findElement(RemoteWebDriver.java:402)
	at whitefeather.xedge.core.Page_DetailedApplicationForm.displayPaymentAmountField(Page_DetailedApplicationForm.java:696)
	at whitefeather.xedge.testcases.FillUpApplicationForm.providePaymentAmount(FillUpApplicationForm.java:834)
	at sun.reflect.NativeMethodAccessorImpl.invoke0(Native Method)
	at sun.reflect.NativeMethodAccessorImpl.invoke(Unknown Source)
	at sun.reflect.DelegatingMethodAccessorImpl.invoke(Unknown Source)
	at java.lang.reflect.Method.invoke(Unknown Source)
	at org.testng.internal.MethodInvocationHelper.invokeMethod(MethodInvocationHelper.java:104)
	at org.testng.internal.Invoker.invokeMethod(Invoker.java:645)
	at org.testng.internal.Invoker.invokeTestMethod(Invoker.java:851)
	at org.testng.internal.Invoker.invokeTestMethods(Invoker.java:1177)
	at org.testng.internal.TestMethodWorker.invokeTestMethods(TestMethodWorker.java:129)
	at org.testng.internal.TestMethodWorker.run(TestMethodWorker.java:112)
	at org.testng.TestRunner.privateRun(TestRunner.java:756)
	at org.testng.TestRunner.run(TestRunner.java:610)
	at org.testng.SuiteRunner.runTest(SuiteRunner.java:387)
	at org.testng.SuiteRunner.runSequentially(SuiteRunner.java:382)
	at org.testng.SuiteRunner.privateRun(SuiteRunner.java:340)
	at org.testng.SuiteRunner.run(SuiteRunner.java:289)
	at org.testng.SuiteRunnerWorker.runSuite(SuiteRunnerWorker.java:52)
	at org.testng.SuiteRunnerWorker.run(SuiteRunnerWorker.java:86)
	at org.testng.TestNG.runSuitesSequentially(TestNG.java:1293)
	at org.testng.TestNG.runSuitesLocally(TestNG.java:1218)
	at org.testng.TestNG.runSuites(TestNG.java:1133)
	at org.testng.TestNG.run(TestNG.java:1104)
	at org.testng.remote.AbstractRemoteTestNG.run(AbstractRemoteTestNG.java:114)
	at org.testng.remote.RemoteTestNG.initAndRun(RemoteTestNG.java:251)
	at org.testng.remote.RemoteTestNG.main(RemoteTestNG.java:77)
]]>
    </error>
  </testcase> <!-- providePaymentAmount -->
  <testcase name="provideAlternateAddress1" time="0.260" classname="whitefeather.xedge.testcases.FillUpApplicationForm"/>
  <testcase name="provideCity" time="0.060" classname="whitefeather.xedge.testcases.FillUpApplicationForm"/>
  <testcase name="provideEmergencyContactNumber" time="0.244" classname="whitefeather.xedge.testcases.FillUpApplicationForm"/>
  <testcase name="provideSSCSchoolName" time="0.516" classname="whitefeather.xedge.testcases.FillUpApplicationForm"/>
  <testcase name="provideSubject3Marks3Value" time="0.168" classname="whitefeather.xedge.testcases.FillUpApplicationForm"/>
  <testcase name="providePaymentType" time="0.034" classname="whitefeather.xedge.testcases.FillUpApplicationForm">
    <error type="org.openqa.selenium.UnhandledAlertException" message="unexpected alert open: {Alert text : Some error has occured.Please try again.}
  (Session info: chrome=61.0.3163.100)
  (Driver info: chromedriver=2.33.506120 (e3e53437346286c0bc2d2dc9aa4915ba81d9023f),platform=Windows NT 10.0.10586 x86_64) (WARNING: The server did not provide any stacktrace information)
Command duration or timeout: 22 milliseconds: null
Build info: version: &#039;3.4.0&#039;, revision: &#039;unknown&#039;, time: &#039;unknown&#039;
System info: host: &#039;DESKTOP-TMQM6DS&#039;, ip: &#039;192.168.0.4&#039;, os.name: &#039;Windows 10&#039;, os.arch: &#039;amd64&#039;, os.version: &#039;10.0&#039;, java.version: &#039;1.8.0_144&#039;
Driver info: org.openqa.selenium.chrome.ChromeDriver
Capabilities [{applicationCacheEnabled=false, rotatable=false, mobileEmulationEnabled=false, networkConnectionEnabled=false, chrome={chromedriverVersion=2.33.506120 (e3e53437346286c0bc2d2dc9aa4915ba81d9023f), userDataDir=C:\Users\SHEKHA~1.DES\AppData\Local\Temp\scoped_dir13716_31916}, takesHeapSnapshot=true, pageLoadStrategy=normal, databaseEnabled=false, handlesAlerts=true, hasTouchScreen=false, version=61.0.3163.100, platform=XP, browserConnectionEnabled=false, nativeEvents=true, acceptSslCerts=true, locationContextEnabled=true, webStorageEnabled=true, browserName=chrome, takesScreenshot=true, javascriptEnabled=true, cssSelectorsEnabled=true, setWindowRect=true, unexpectedAlertBehaviour=}]
Session ID: eb2c5872635d43014a677dc5965a5ca8
*** Element info: {Using=id, value=payment}">
      <![CDATA[org.openqa.selenium.UnhandledAlertException: unexpected alert open: {Alert text : Some error has occured.Please try again.}
  (Session info: chrome=61.0.3163.100)
  (Driver info: chromedriver=2.33.506120 (e3e53437346286c0bc2d2dc9aa4915ba81d9023f),platform=Windows NT 10.0.10586 x86_64) (WARNING: The server did not provide any stacktrace information)
Command duration or timeout: 22 milliseconds: null
Build info: version: '3.4.0', revision: 'unknown', time: 'unknown'
System info: host: 'DESKTOP-TMQM6DS', ip: '192.168.0.4', os.name: 'Windows 10', os.arch: 'amd64', os.version: '10.0', java.version: '1.8.0_144'
Driver info: org.openqa.selenium.chrome.ChromeDriver
Capabilities [{applicationCacheEnabled=false, rotatable=false, mobileEmulationEnabled=false, networkConnectionEnabled=false, chrome={chromedriverVersion=2.33.506120 (e3e53437346286c0bc2d2dc9aa4915ba81d9023f), userDataDir=C:\Users\SHEKHA~1.DES\AppData\Local\Temp\scoped_dir13716_31916}, takesHeapSnapshot=true, pageLoadStrategy=normal, databaseEnabled=false, handlesAlerts=true, hasTouchScreen=false, version=61.0.3163.100, platform=XP, browserConnectionEnabled=false, nativeEvents=true, acceptSslCerts=true, locationContextEnabled=true, webStorageEnabled=true, browserName=chrome, takesScreenshot=true, javascriptEnabled=true, cssSelectorsEnabled=true, setWindowRect=true, unexpectedAlertBehaviour=}]
Session ID: eb2c5872635d43014a677dc5965a5ca8
*** Element info: {Using=id, value=payment}
	at sun.reflect.NativeConstructorAccessorImpl.newInstance0(Native Method)
	at sun.reflect.NativeConstructorAccessorImpl.newInstance(Unknown Source)
	at sun.reflect.DelegatingConstructorAccessorImpl.newInstance(Unknown Source)
	at java.lang.reflect.Constructor.newInstance(Unknown Source)
	at org.openqa.selenium.remote.ErrorHandler.createThrowable(ErrorHandler.java:215)
	at org.openqa.selenium.remote.ErrorHandler.throwIfResponseFailed(ErrorHandler.java:173)
	at org.openqa.selenium.remote.RemoteWebDriver.execute(RemoteWebDriver.java:671)
	at org.openqa.selenium.remote.RemoteWebDriver.findElement(RemoteWebDriver.java:410)
	at org.openqa.selenium.remote.RemoteWebDriver.findElementById(RemoteWebDriver.java:453)
	at org.openqa.selenium.By$ById.findElement(By.java:218)
	at org.openqa.selenium.remote.RemoteWebDriver.findElement(RemoteWebDriver.java:402)
	at whitefeather.xedge.core.Page_DetailedApplicationForm.displayPaymentTypeDropdownDropDown(Page_DetailedApplicationForm.java:686)
	at whitefeather.xedge.testcases.FillUpApplicationForm.providePaymentType(FillUpApplicationForm.java:821)
	at sun.reflect.NativeMethodAccessorImpl.invoke0(Native Method)
	at sun.reflect.NativeMethodAccessorImpl.invoke(Unknown Source)
	at sun.reflect.DelegatingMethodAccessorImpl.invoke(Unknown Source)
	at java.lang.reflect.Method.invoke(Unknown Source)
	at org.testng.internal.MethodInvocationHelper.invokeMethod(MethodInvocationHelper.java:104)
	at org.testng.internal.Invoker.invokeMethod(Invoker.java:645)
	at org.testng.internal.Invoker.invokeTestMethod(Invoker.java:851)
	at org.testng.internal.Invoker.invokeTestMethods(Invoker.java:1177)
	at org.testng.internal.TestMethodWorker.invokeTestMethods(TestMethodWorker.java:129)
	at org.testng.internal.TestMethodWorker.run(TestMethodWorker.java:112)
	at org.testng.TestRunner.privateRun(TestRunner.java:756)
	at org.testng.TestRunner.run(TestRunner.java:610)
	at org.testng.SuiteRunner.runTest(SuiteRunner.java:387)
	at org.testng.SuiteRunner.runSequentially(SuiteRunner.java:382)
	at org.testng.SuiteRunner.privateRun(SuiteRunner.java:340)
	at org.testng.SuiteRunner.run(SuiteRunner.java:289)
	at org.testng.SuiteRunnerWorker.runSuite(SuiteRunnerWorker.java:52)
	at org.testng.SuiteRunnerWorker.run(SuiteRunnerWorker.java:86)
	at org.testng.TestNG.runSuitesSequentially(TestNG.java:1293)
	at org.testng.TestNG.runSuitesLocally(TestNG.java:1218)
	at org.testng.TestNG.runSuites(TestNG.java:1133)
	at org.testng.TestNG.run(TestNG.java:1104)
	at org.testng.remote.AbstractRemoteTestNG.run(AbstractRemoteTestNG.java:114)
	at org.testng.remote.RemoteTestNG.initAndRun(RemoteTestNG.java:251)
	at org.testng.remote.RemoteTestNG.main(RemoteTestNG.java:77)
]]>
    </error>
  </testcase> <!-- providePaymentType -->
  <testcase name="openDetailedApplicationFormPage" time="3.703" classname="whitefeather.xedge.testcases.FillUpApplicationForm"/>
  <testcase name="provideDomicile" time="0.192" classname="whitefeather.xedge.testcases.FillUpApplicationForm"/>
  <testcase name="provideGuardiansName" time="0.416" classname="whitefeather.xedge.testcases.FillUpApplicationForm"/>
  <testcase name="provideSubject2Marks1Value" time="0.124" classname="whitefeather.xedge.testcases.FillUpApplicationForm"/>
  <testcase name="validateProvidedDataInStep1" time="3.567" classname="whitefeather.xedge.testcases.FillUpApplicationForm">
    <failure type="java.lang.AssertionError" message="null">
      <![CDATA[java.lang.AssertionError: null
	at org.testng.Assert.fail(Assert.java:94)
	at org.testng.Assert.fail(Assert.java:101)
	at whitefeather.xedge.testcases.FillUpApplicationForm.validateProvidedDataInStep1(FillUpApplicationForm.java:344)
	at sun.reflect.NativeMethodAccessorImpl.invoke0(Native Method)
	at sun.reflect.NativeMethodAccessorImpl.invoke(Unknown Source)
	at sun.reflect.DelegatingMethodAccessorImpl.invoke(Unknown Source)
	at java.lang.reflect.Method.invoke(Unknown Source)
	at org.testng.internal.MethodInvocationHelper.invokeMethod(MethodInvocationHelper.java:104)
	at org.testng.internal.Invoker.invokeMethod(Invoker.java:645)
	at org.testng.internal.Invoker.invokeTestMethod(Invoker.java:851)
	at org.testng.internal.Invoker.invokeTestMethods(Invoker.java:1177)
	at org.testng.internal.TestMethodWorker.invokeTestMethods(TestMethodWorker.java:129)
	at org.testng.internal.TestMethodWorker.run(TestMethodWorker.java:112)
	at org.testng.TestRunner.privateRun(TestRunner.java:756)
	at org.testng.TestRunner.run(TestRunner.java:610)
	at org.testng.SuiteRunner.runTest(SuiteRunner.java:387)
	at org.testng.SuiteRunner.runSequentially(SuiteRunner.java:382)
	at org.testng.SuiteRunner.privateRun(SuiteRunner.java:340)
	at org.testng.SuiteRunner.run(SuiteRunner.java:289)
	at org.testng.SuiteRunnerWorker.runSuite(SuiteRunnerWorker.java:52)
	at org.testng.SuiteRunnerWorker.run(SuiteRunnerWorker.java:86)
	at org.testng.TestNG.runSuitesSequentially(TestNG.java:1293)
	at org.testng.TestNG.runSuitesLocally(TestNG.java:1218)
	at org.testng.TestNG.runSuites(TestNG.java:1133)
	at org.testng.TestNG.run(TestNG.java:1104)
	at org.testng.remote.AbstractRemoteTestNG.run(AbstractRemoteTestNG.java:114)
	at org.testng.remote.RemoteTestNG.initAndRun(RemoteTestNG.java:251)
	at org.testng.remote.RemoteTestNG.main(RemoteTestNG.java:77)
]]>
    </failure>
  </testcase> <!-- validateProvidedDataInStep1 -->
  <testcase name="provideCountry" time="0.148" classname="whitefeather.xedge.testcases.FillUpApplicationForm"/>
  <testcase name="provideHSCYearOfPassing" time="0.188" classname="whitefeather.xedge.testcases.FillUpApplicationForm"/>
  <testcase name="provideFathersName" time="0.428" classname="whitefeather.xedge.testcases.FillUpApplicationForm"/>
  <testcase name="provideEmergencyEmail" time="0.344" classname="whitefeather.xedge.testcases.FillUpApplicationForm"/>
  <testcase name="provideSSCRegNumber" time="0.229" classname="whitefeather.xedge.testcases.FillUpApplicationForm"/>
  <testcase name="provideSubject2Percetage2Value" time="0.162" classname="whitefeather.xedge.testcases.FillUpApplicationForm"/>
  <testcase name="attachAttachment1" time="0.092" classname="whitefeather.xedge.testcases.FillUpApplicationForm"/>
  <testcase name="attachAttachment2" time="0.088" classname="whitefeather.xedge.testcases.FillUpApplicationForm"/>
  <testcase name="attachAttachment4" time="0.089" classname="whitefeather.xedge.testcases.FillUpApplicationForm"/>
  <testcase name="provideGuardiansAddress1" time="0.277" classname="whitefeather.xedge.testcases.FillUpApplicationForm"/>
  <testcase name="provideSubject3NameValue" time="0.300" classname="whitefeather.xedge.testcases.FillUpApplicationForm"/>
  <testcase name="provideHSCRegNumber" time="0.234" classname="whitefeather.xedge.testcases.FillUpApplicationForm"/>
  <testcase name="provideHSCSchoolName" time="0.392" classname="whitefeather.xedge.testcases.FillUpApplicationForm"/>
  <testcase name="provideBloodGroup" time="0.204" classname="whitefeather.xedge.testcases.FillUpApplicationForm"/>
  <testcase name="provideGuardiansRelation" time="0.272" classname="whitefeather.xedge.testcases.FillUpApplicationForm"/>
  <testcase name="provideMothersName" time="0.456" classname="whitefeather.xedge.testcases.FillUpApplicationForm"/>
  <testcase name="provideSSCModeOfStudy" time="0.192" classname="whitefeather.xedge.testcases.FillUpApplicationForm"/>
  <testcase name="clickNextButtonStep3" time="8.813" classname="whitefeather.xedge.testcases.FillUpApplicationForm"/>
  <testcase name="provideSubject1Marks1Value" time="0.120" classname="whitefeather.xedge.testcases.FillUpApplicationForm"/>
  <testcase name="provideSubject2NameValue" time="0.368" classname="whitefeather.xedge.testcases.FillUpApplicationForm"/>
  <testcase name="provideAlternateContactNumber" time="0.220" classname="whitefeather.xedge.testcases.FillUpApplicationForm"/>
  <testcase name="provideMainAddress" time="0.184" classname="whitefeather.xedge.testcases.FillUpApplicationForm"/>
</testsuite> <!-- whitefeather.xedge.testcases.FillUpApplicationForm -->
