<?xml version="1.0" encoding="UTF-8"?>
<!-- Generated by org.testng.reporters.JUnitXMLReporter -->
<testsuite hostname="DESKTOP-TMQM6DS" ignored="0" name="Staging QA Test Validations" tests="14" failures="2" timestamp="11 Dec 2017 13:50:43 GMT" time="66.214" errors="0">
  <testcase name="openLoginPage" time="52.681" classname="whitefeather.xedge.testcases.OpenLoginPage">
    <failure type="java.lang.AssertionError" message="null">
      <![CDATA[java.lang.AssertionError: null
	at whitefeather.xedge.testcases.OpenLoginPage.openLoginPage(OpenLoginPage.java:46)
... Removed 27 stack frames]]>
    </failure>
  </testcase> <!-- openLoginPage -->
  <testcase name="verifyLoginPageBackground" time="1.167" classname="whitefeather.xedge.testcases.PerformLoginAction"/>
  <testcase name="verifyClientAccountLogo" time="0.105" classname="whitefeather.xedge.testcases.PerformLoginAction"/>
  <testcase name="verifyUsernameLabel" time="0.118" classname="whitefeather.xedge.testcases.PerformLoginAction"/>
  <testcase name="verifyUsernamePlaceholder" time="0.206" classname="whitefeather.xedge.testcases.PerformLoginAction"/>
  <testcase name="verifyPasswordLabel" time="0.114" classname="whitefeather.xedge.testcases.PerformLoginAction"/>
  <testcase name="verifyPasswordPlaceholder" time="0.212" classname="whitefeather.xedge.testcases.PerformLoginAction"/>
  <testcase name="verifyUsernameInputField" time="0.068" classname="whitefeather.xedge.testcases.PerformLoginAction"/>
  <testcase name="verifyPasswordInputField" time="0.065" classname="whitefeather.xedge.testcases.PerformLoginAction"/>
  <testcase name="verifyPasswordWrapper" time="0.074" classname="whitefeather.xedge.testcases.PerformLoginAction"/>
  <testcase name="enterLoginId" time="0.376" classname="whitefeather.xedge.testcases.PerformLoginAction"/>
  <testcase name="enterLoginPassword" time="0.14" classname="whitefeather.xedge.testcases.PerformLoginAction"/>
  <testcase name="verifyLoginButton" time="0.137" classname="whitefeather.xedge.testcases.PerformLoginAction"/>
  <testcase name="clickLoginButton" time="3.261" classname="whitefeather.xedge.testcases.PerformLoginAction">
    <failure type="java.lang.AssertionError" message="null">
      <![CDATA[java.lang.AssertionError: null
	at whitefeather.xedge.testcases.PerformLoginAction.clickLoginButton(PerformLoginAction.java:176)
... Removed 27 stack frames]]>
    </failure>
  </testcase> <!-- clickLoginButton -->
</testsuite> <!-- Staging QA Test Validations -->
